2015-11-19 11:05:08 - Client connecting ..
2015-11-19 11:05:08 - read header line [Content-Type: auth/request]
2015-11-19 11:05:08 - adding header [CONTENT_TYPE] [auth/request]
2015-11-19 11:05:08 - read header line []
2015-11-19 11:05:08 - Received message: [FreeSwitchMessage: contentType=[auth/request] headers=1, body=0 lines.]
2015-11-19 11:05:08 - Auth request received [FreeSwitchMessage: contentType=[auth/request] headers=1, body=0 lines.]
2015-11-19 11:05:08 - Auth requested, sending [auth *****]
2015-11-19 11:05:08 - Command sent to freeSwitch [auth ClueCon

]
2015-11-19 11:05:08 - read header line [Content-Type: command/reply]
2015-11-19 11:05:08 - adding header [CONTENT_TYPE] [command/reply]
2015-11-19 11:05:08 - read header line [Reply-Text: +OK accepted]
2015-11-19 11:05:08 - adding header [REPLY_TEXT] [+OK accepted]
2015-11-19 11:05:08 - read header line []
2015-11-19 11:05:08 - Received message: [FreeSwitchMessage: contentType=[command/reply] headers=2, body=0 lines.]
2015-11-19 11:05:08 - Command reply received [FreeSwitchMessage: contentType=[command/reply] headers=2, body=0 lines.]
2015-11-19 11:05:08 - Auth response [FreeSwitchMessage: contentType=[command/reply] headers=2, body=0 lines.]
2015-11-19 11:05:08 - Auth response success=true, message=[+OK accepted]
2015-11-19 11:05:08 - Client connected ..
2015-11-19 11:05:08 - Command sent to freeSwitch [event plain all

]
2015-11-19 11:05:08 - read header line [Content-Type: command/reply]
2015-11-19 11:05:08 - adding header [CONTENT_TYPE] [command/reply]
2015-11-19 11:05:08 - read header line [Reply-Text: +OK event listener enabled plain]
2015-11-19 11:05:08 - adding header [REPLY_TEXT] [+OK event listener enabled plain]
2015-11-19 11:05:08 - read header line []
2015-11-19 11:05:08 - Received message: [FreeSwitchMessage: contentType=[command/reply] headers=2, body=0 lines.]
2015-11-19 11:05:08 - Command reply received [FreeSwitchMessage: contentType=[command/reply] headers=2, body=0 lines.]
2015-11-19 11:05:08 - Command sent to freeSwitch [filter Event-HeaderName heartbeat

]
2015-11-19 11:05:08 - read header line [Content-Type: command/reply]
2015-11-19 11:05:08 - adding header [CONTENT_TYPE] [command/reply]
2015-11-19 11:05:08 - read header line [Reply-Text: +OK filter added. [Event-HeaderName]=[heartbeat]]
2015-11-19 11:05:08 - adding header [REPLY_TEXT] [+OK filter added. [Event-HeaderName]=[heartbeat]]
2015-11-19 11:05:08 - read header line []
2015-11-19 11:05:08 - Received message: [FreeSwitchMessage: contentType=[command/reply] headers=2, body=0 lines.]
2015-11-19 11:05:08 - Command reply received [FreeSwitchMessage: contentType=[command/reply] headers=2, body=0 lines.]
2015-11-19 11:05:08 - Command sent to freeSwitch [noevents 

]
2015-11-19 11:05:08 - read header line [Content-Type: command/reply]
2015-11-19 11:05:08 - adding header [CONTENT_TYPE] [command/reply]
2015-11-19 11:05:08 - read header line [Reply-Text: +OK no longer listening for events]
2015-11-19 11:05:08 - adding header [REPLY_TEXT] [+OK no longer listening for events]
2015-11-19 11:05:08 - read header line []
2015-11-19 11:05:08 - Received message: [FreeSwitchMessage: contentType=[command/reply] headers=2, body=0 lines.]
2015-11-19 11:05:08 - Command reply received [FreeSwitchMessage: contentType=[command/reply] headers=2, body=0 lines.]
2015-11-19 11:05:08 - Command sent to freeSwitch [event plain all

]
2015-11-19 11:05:08 - read header line [Content-Type: command/reply]
2015-11-19 11:05:08 - adding header [CONTENT_TYPE] [command/reply]
2015-11-19 11:05:08 - read header line [Reply-Text: +OK event listener enabled plain]
2015-11-19 11:05:08 - adding header [REPLY_TEXT] [+OK event listener enabled plain]
2015-11-19 11:05:08 - read header line []
2015-11-19 11:05:08 - Received message: [FreeSwitchMessage: contentType=[command/reply] headers=2, body=0 lines.]
2015-11-19 11:05:08 - Command reply received [FreeSwitchMessage: contentType=[command/reply] headers=2, body=0 lines.]
2015-11-19 11:05:08 - Command sent to freeSwitch [filter Event-HeaderName heartbeat

]
2015-11-19 11:05:08 - read header line [Content-Type: command/reply]
2015-11-19 11:05:08 - adding header [CONTENT_TYPE] [command/reply]
2015-11-19 11:05:08 - read header line [Reply-Text: +OK filter added. [Event-HeaderName]=[heartbeat]]
2015-11-19 11:05:08 - adding header [REPLY_TEXT] [+OK filter added. [Event-HeaderName]=[heartbeat]]
2015-11-19 11:05:08 - read header line []
2015-11-19 11:05:08 - Received message: [FreeSwitchMessage: contentType=[command/reply] headers=2, body=0 lines.]
2015-11-19 11:05:08 - Command reply received [FreeSwitchMessage: contentType=[command/reply] headers=2, body=0 lines.]
2015-11-19 11:05:08 - Command sent to freeSwitch [filter Event-HeaderName channel_create

]
2015-11-19 11:05:08 - read header line [Content-Type: command/reply]
2015-11-19 11:05:08 - adding header [CONTENT_TYPE] [command/reply]
2015-11-19 11:05:08 - read header line [Reply-Text: +OK filter added. [Event-HeaderName]=[channel_create]]
2015-11-19 11:05:08 - adding header [REPLY_TEXT] [+OK filter added. [Event-HeaderName]=[channel_create]]
2015-11-19 11:05:08 - read header line []
2015-11-19 11:05:08 - Received message: [FreeSwitchMessage: contentType=[command/reply] headers=2, body=0 lines.]
2015-11-19 11:05:08 - Command reply received [FreeSwitchMessage: contentType=[command/reply] headers=2, body=0 lines.]
2015-11-19 11:05:08 - Command sent to freeSwitch [filter Event-HeaderName background_job

]
2015-11-19 11:05:08 - read header line [Content-Type: command/reply]
2015-11-19 11:05:08 - adding header [CONTENT_TYPE] [command/reply]
2015-11-19 11:05:08 - read header line [Reply-Text: +OK filter added. [Event-HeaderName]=[background_job]]
2015-11-19 11:05:08 - adding header [REPLY_TEXT] [+OK filter added. [Event-HeaderName]=[background_job]]
2015-11-19 11:05:08 - read header line []
2015-11-19 11:05:08 - Received message: [FreeSwitchMessage: contentType=[command/reply] headers=2, body=0 lines.]
2015-11-19 11:05:08 - Command reply received [FreeSwitchMessage: contentType=[command/reply] headers=2, body=0 lines.]
2015-11-19 11:05:08 - Command sent to freeSwitch [api sofia status

]
2015-11-19 11:05:08 - read header line [Content-Type: api/response]
2015-11-19 11:05:08 - adding header [CONTENT_TYPE] [api/response]
2015-11-19 11:05:08 - read header line [Content-Length: 729]
2015-11-19 11:05:08 - adding header [CONTENT_LENGTH] [729]
2015-11-19 11:05:08 - read header line []
2015-11-19 11:05:08 - have content-length, decoding body ..
2015-11-19 11:05:08 - read [729] body bytes
2015-11-19 11:05:08 - read body line [                     Name	   Type	                                      Data	State]
2015-11-19 11:05:08 - read body line [=================================================================================================]
2015-11-19 11:05:08 - read body line [          192.168.254.246	  alias	                                  internal	ALIASED]
2015-11-19 11:05:08 - read body line [                 external	profile	        sip:mod_sofia@192.168.254.246:5080	RUNNING (0)]
2015-11-19 11:05:08 - read body line [    external::example.com	gateway	                   sip:joeuser@example.com	NOREG]
2015-11-19 11:05:08 - read body line [external::expresso-gh-voice	gateway	            sip:FreeSWITCH@192.168.254.220	NOREG]
2015-11-19 11:05:08 - read body line [                 internal	profile	        sip:mod_sofia@192.168.254.246:5060	RUNNING (0)]
2015-11-19 11:05:08 - read body line [=================================================================================================]
2015-11-19 11:05:08 - read body line [2 profiles 1 alias]
2015-11-19 11:05:08 - Received message: [FreeSwitchMessage: contentType=[api/response] headers=2, body=9 lines.]
2015-11-19 11:05:08 - Api response received [FreeSwitchMessage: contentType=[api/response] headers=2, body=9 lines.]
2015-11-19 11:05:08 - sofia status = [                 external	profile	        sip:mod_sofia@192.168.254.246:5080	RUNNING (0)]
2015-11-19 11:05:33 - Command sent to freeSwitch [exit 

]
2015-11-19 11:05:33 - read header line [Content-Type: command/reply]
2015-11-19 11:05:33 - adding header [CONTENT_TYPE] [command/reply]
2015-11-19 11:05:33 - read header line [Reply-Text: +OK bye]
2015-11-19 11:05:33 - adding header [REPLY_TEXT] [+OK bye]
2015-11-19 11:05:33 - read header line []
2015-11-19 11:05:33 - read header line [Content-Type: text/disconnect-notice]
2015-11-19 11:05:33 - Received message: [FreeSwitchMessage: contentType=[command/reply] headers=2, body=0 lines.]
2015-11-19 11:05:33 - adding header [CONTENT_TYPE] [text/disconnect-notice]
2015-11-19 11:05:33 - Command reply received [FreeSwitchMessage: contentType=[command/reply] headers=2, body=0 lines.]
2015-11-19 11:05:33 - read header line [Content-Length: 67]
2015-11-19 11:05:33 - adding header [CONTENT_LENGTH] [67]
2015-11-19 11:05:33 - read header line []
2015-11-19 11:05:33 - have content-length, decoding body ..
2015-11-19 11:05:33 - read [67] body bytes
2015-11-19 11:05:33 - read body line [Disconnected, goodbye.]
2015-11-19 11:05:33 - read body line [See you at ClueCon! http://www.cluecon.com/]
2015-11-19 11:05:33 - Received message: [FreeSwitchMessage: contentType=[text/disconnect-notice] headers=2, body=2 lines.]
2015-11-19 11:05:33 - Disconnect notice received [FreeSwitchMessage: contentType=[text/disconnect-notice] headers=2, body=2 lines.]
2015-11-19 11:05:33 - Received disconnection notice
2015-11-19 11:05:33 - Disconnected ..
